<?xml version="1.0" encoding="UTF-8"?>
<testsuite name="com.storeonline.ExampleUnitTest" tests="1" skipped="0" failures="0" errors="0" timestamp="2024-10-19T04:34:08" hostname="ZRZ" time="0.009">
  <properties/>
  <testcase name="addition_isCorrect" classname="com.storeonline.ExampleUnitTest" time="0.009"/>
  <system-out><![CDATA[]]></system-out>
  <system-err><![CDATA[]]></system-err>
</testsuite>
